<?xml version="1.0" encoding="UTF-8"?>
<!-- Generated by org.testng.reporters.JUnitXMLReporter -->
<testsuite ignored="4" hostname="Adarsh" failures="0" tests="2" name="Default test" time="33.167" errors="0" timestamp="2022-12-15T22:52:13 IST">
  <testcase classname="com.fb.qa.tastcases.LoginPageTest" name="multipleLoign" time="5.25"/>
  <testcase classname="com.fb.qa.tastcases.LoginPageTest" name="multipleLoign" time="5.276"/>
  <testcase classname="com.fb.qa.tastcases.LoginPageTest" name="switchToForgetPass" time="0.0">
    <ignored/>
  </testcase> <!-- switchToForgetPass -->
  <testcase classname="com.fb.qa.tastcases.LoginPageTest" name="switchToCreateFbPage" time="0.0">
    <ignored/>
  </testcase> <!-- switchToCreateFbPage -->
  <testcase classname="com.fb.qa.tastcases.LoginPageTest" name="switchToCreateAcc" time="0.0">
    <ignored/>
  </testcase> <!-- switchToCreateAcc -->
  <testcase classname="com.fb.qa.tastcases.LoginPageTest" name="loginTest" time="0.0">
    <ignored/>
  </testcase> <!-- loginTest -->
</testsuite> <!-- Default test -->
