<?xml version="1.0" encoding="UTF-8"?>
<!-- Generated by org.testng.reporters.JUnitXMLReporter -->
<testsuite ignored="0" hostname="Adarsh" failures="0" tests="16" name="Test" time="209.034" errors="0" timestamp="2022-12-17T11:48:29 IST">
  <testcase classname="com.fb.qa.tastcases.SignUpPageTest" name="signUp" time="1.869"/>
  <testcase classname="com.fb.qa.tastcases.LoginPageTest" name="loginTest" time="10.239"/>
  <testcase classname="com.fb.qa.tastcases.LoginPageTest" name="multipleLoign" time="5.177"/>
  <testcase classname="com.fb.qa.tastcases.LoginPageTest" name="multipleLoign" time="5.239"/>
  <testcase classname="com.fb.qa.tastcases.LoginPageTest" name="switchToCreateAcc" time="0.074"/>
  <testcase classname="com.fb.qa.tastcases.LoginPageTest" name="switchToCreateFbPage" time="3.97"/>
  <testcase classname="com.fb.qa.tastcases.LoginPageTest" name="switchToForgetPass" time="6.012"/>
  <testcase classname="com.fb.qa.tastcases.CreateFbPageTest" name="forgetAcc" time="8.065"/>
  <testcase classname="com.fb.qa.tastcases.CreateFbPageTest" name="loginFromCreateFbpage" time="6.22"/>
  <testcase classname="com.fb.qa.tastcases.CreateFbPageTest" name="switchSignUpPageFromNavbar" time="1.245"/>
  <testcase classname="com.fb.qa.tastcases.CreateFbPageTest" name="switchToCreateBusiORBrandFBPage" time="3.857"/>
  <testcase classname="com.fb.qa.tastcases.CreateFbPageTest" name="switchToCreateCommuORPFigureFBPage" time="3.861"/>
  <testcase classname="com.fb.qa.tastcases.CreateFbPageTest" name="switchToSignUpPageFromLoginPop" time="2.027"/>
  <testcase classname="com.fb.qa.tastcases.FoegetPasswordTest" name="forgetFbAccount" time="3.138"/>
  <testcase classname="com.fb.qa.tastcases.FoegetPasswordTest" name="forgetPassTest" time="6.134"/>
  <testcase classname="com.fb.qa.tastcases.FoegetPasswordTest" name="login" time="7.844"/>
</testsuite> <!-- Test -->
