<?xml version="1.0" encoding="UTF-8"?>
<!-- Generated by org.testng.reporters.JUnitXMLReporter -->
<testsuite ignored="0" hostname="Adarsh" failures="0" tests="16" name="Test" time="153.723" errors="0" timestamp="2022-12-15T18:26:15 IST">
  <testcase classname="com.fb.qa.tastcases.FoegetPasswordTest" name="forgetFbAccount" time="4.501"/>
  <testcase classname="com.fb.qa.tastcases.FoegetPasswordTest" name="forgetPassTest" time="6.299"/>
  <testcase classname="com.fb.qa.tastcases.FoegetPasswordTest" name="login" time="7.396"/>
  <testcase classname="com.fb.qa.tastcases.SignUpPageTest" name="signUp" time="1.451"/>
  <testcase classname="com.fb.qa.tastcases.LoginPageTest" name="loginTest" time="10.276"/>
  <testcase classname="com.fb.qa.tastcases.LoginPageTest" name="multipleLoign" time="5.188"/>
  <testcase classname="com.fb.qa.tastcases.LoginPageTest" name="multipleLoign" time="5.226"/>
  <testcase classname="com.fb.qa.tastcases.LoginPageTest" name="switchToCreateAcc" time="0.059"/>
  <testcase classname="com.fb.qa.tastcases.LoginPageTest" name="switchToCreateFbPage" time="3.774"/>
  <testcase classname="com.fb.qa.tastcases.LoginPageTest" name="switchToForgetPass" time="5.098"/>
  <testcase classname="com.fb.qa.tastcases.CreateFbPageTest" name="forgetAcc" time="4.781"/>
  <testcase classname="com.fb.qa.tastcases.CreateFbPageTest" name="loginFromCreateFbpage" time="6.227"/>
  <testcase classname="com.fb.qa.tastcases.CreateFbPageTest" name="switchSignUpPageFromNavbar" time="1.21"/>
  <testcase classname="com.fb.qa.tastcases.CreateFbPageTest" name="switchToCreateBusiORBrandFBPage" time="3.844"/>
  <testcase classname="com.fb.qa.tastcases.CreateFbPageTest" name="switchToCreateCommuORPFigureFBPage" time="3.814"/>
  <testcase classname="com.fb.qa.tastcases.CreateFbPageTest" name="switchToSignUpPageFromLoginPop" time="1.501"/>
</testsuite> <!-- Test -->
