<?xml version="1.0" encoding="UTF-8"?>
<testng-results ignored="4" total="5" passed="1" failed="0" skipped="0">
  <reporter-output>
  </reporter-output>
  <suite started-at="2022-12-15T12:23:36 IST" name="Default suite" finished-at="2022-12-15T12:23:52 IST" duration-ms="15605">
    <groups>
    </groups>
    <test started-at="2022-12-15T12:23:36 IST" name="Default test" finished-at="2022-12-15T12:23:52 IST" duration-ms="15605">
      <class name="com.fb.qa.tastcases.LoginPageTest">
        <test-method is-config="true" signature="setup()[pri:0, instance:com.fb.qa.tastcases.LoginPageTest@55b7a4e0]" started-at="2022-12-15T12:23:36 IST" name="setup" finished-at="2022-12-15T12:23:42 IST" duration-ms="5277" status="PASS">
          <reporter-output>
          </reporter-output>
        </test-method> <!-- setup -->
        <test-method signature="loginTest()[pri:0, instance:com.fb.qa.tastcases.LoginPageTest@55b7a4e0]" started-at="2022-12-15T12:23:42 IST" name="loginTest" finished-at="2022-12-15T12:23:52 IST" duration-ms="10289" status="PASS">
          <reporter-output>
          </reporter-output>
        </test-method> <!-- loginTest -->
      </class> <!-- com.fb.qa.tastcases.LoginPageTest -->
    </test> <!-- Default test -->
  </suite> <!-- Default suite -->
</testng-results>
